<?xml version="1.0" encoding="UTF-8"?>
<testsuite xmlns:xsi="http://www.w3.org/2001/XMLSchema-instance" xsi:noNamespaceSchemaLocation="https://maven.apache.org/surefire/maven-surefire-plugin/xsd/surefire-test-report-3.0.xsd" version="3.0" name="io.visualr.runtime.TopologyOperatorTest" time="0.104" tests="9" errors="0" skipped="0" failures="0">
  <properties>
[...]
</properties>
  <testcase name="reconcileRejectsWithoutOrbitLanes" classname="io.visualr.runtime.TopologyOperatorTest" time="0.011"/>
  <testcase name="cellToPalRoundTrip" classname="io.visualr.runtime.TopologyOperatorTest" time="0.002"/>
  <testcase name="customKernelDrivesPhaseTransition" classname="io.visualr.runtime.TopologyOperatorTest" time="0.012"/>
  <testcase name="commitFailClosed" classname="io.visualr.runtime.TopologyOperatorTest" time="0.009"/>
  <testcase name="reconcileIdentityPromotesToIdle" classname="io.visualr.runtime.TopologyOperatorTest" time="0.006"/>
  <testcase name="barrierPassesAndErrors" classname="io.visualr.runtime.TopologyOperatorTest" time="0.011"/>
  <testcase name="cellToPalSkipsNaOrbits" classname="io.visualr.runtime.TopologyOperatorTest" time="0.003"/>
  <testcase name="fullPipelineIdentityKeepsPal" classname="io.visualr.runtime.TopologyOperatorTest" time="0.01"/>
  <testcase name="executeLanesDefaultIdentity" classname="io.visualr.runtime.TopologyOperatorTest" time="0.009"/>
</testsuite>